
Attaching package: ‘dplyr’

The following objects are masked from ‘package:stats’:

    filter, lag

The following objects are masked from ‘package:base’:

    intersect, setdiff, setequal, union

Loading required package: SeuratObject
Loading required package: sp

Attaching package: ‘SeuratObject’

The following objects are masked from ‘package:base’:

    intersect, t

                        orig.ident nCount_RNA nFeature_RNA biosample_id
D14_OE.AAACCCAGTATTCCTT        D14       4011         1045       D14_OM
D14_OE.AAACGAACAAAGCTCT        D14       4352         1002       D14_OM
D14_OE.AAACGAAGTGTTAAAG        D14       3476          921       D14_OM
D14_OE.AAACGCTAGAATACAC        D14       3811          988       D14_OM
D14_OE.AAACGCTAGCATCCTA        D14       3743          817       D14_OM
D14_OE.AAACGCTAGCGTTCCG        D14       3856          844       D14_OM
                        organ_custom disease__ontology_label time  mouse_id
D14_OE.AAACCCAGTATTCCTT           OM               influenza  D14 m2_ET_D14
D14_OE.AAACGAACAAAGCTCT           OM               influenza  D14 m2_ET_D14
D14_OE.AAACGAAGTGTTAAAG           OM               influenza  D14 m2_ET_D14
D14_OE.AAACGCTAGAATACAC           OM               influenza  D14 m2_ET_D14
D14_OE.AAACGCTAGCATCCTA           OM               influenza  D14          
D14_OE.AAACGCTAGCGTTCCG           OM               influenza  D14 m2_ET_D14
                        percent.mt percent.rb
D14_OE.AAACCCAGTATTCCTT  10.221890   19.19721
D14_OE.AAACGAACAAAGCTCT   3.699449   34.00735
D14_OE.AAACGAAGTGTTAAAG   3.941312   22.26697
D14_OE.AAACGCTAGAATACAC   3.804776   22.59250
D14_OE.AAACGCTAGCATCCTA   5.022709   37.83062
D14_OE.AAACGCTAGCGTTCCG   3.864108   30.00519
null device 
          1 
null device 
          1 
null device 
          1 
null device 
          1 
Warning messages:
1: In scale_x_log10() : log-10 transformation introduced infinite values.
2: Removed 89 rows containing non-finite outside the scale range
(`stat_density()`). 
null device 
          1 
`geom_smooth()` using formula = 'y ~ x'
Warning messages:
1: The following aesthetics were dropped during statistical transformation:
colour.
ℹ This can happen when ggplot fails to infer the correct grouping structure in
  the data.
ℹ Did you forget to specify a `group` aesthetic or to convert a numerical
  variable into a factor? 
2: The following aesthetics were dropped during statistical transformation:
colour.
ℹ This can happen when ggplot fails to infer the correct grouping structure in
  the data.
ℹ Did you forget to specify a `group` aesthetic or to convert a numerical
  variable into a factor? 
3: The following aesthetics were dropped during statistical transformation:
colour.
ℹ This can happen when ggplot fails to infer the correct grouping structure in
  the data.
ℹ Did you forget to specify a `group` aesthetic or to convert a numerical
  variable into a factor? 
4: The following aesthetics were dropped during statistical transformation:
colour.
ℹ This can happen when ggplot fails to infer the correct grouping structure in
  the data.
ℹ Did you forget to specify a `group` aesthetic or to convert a numerical
  variable into a factor? 
5: The following aesthetics were dropped during statistical transformation:
colour.
ℹ This can happen when ggplot fails to infer the correct grouping structure in
  the data.
ℹ Did you forget to specify a `group` aesthetic or to convert a numerical
  variable into a factor? 
null device 
          1 
Rasterizing points since number of points exceeds 100,000.
To disable this behavior set `raster=FALSE`
Rasterizing points since number of points exceeds 100,000.
To disable this behavior set `raster=FALSE`
Rasterizing points since number of points exceeds 100,000.
To disable this behavior set `raster=FALSE`
Warning messages:
1: The `slot` argument of `FetchData()` is deprecated as of SeuratObject 5.0.0.
ℹ Please use the `layer` argument instead.
ℹ The deprecated feature was likely used in the Seurat package.
  Please report the issue at <https://github.com/satijalab/seurat/issues>. 
2: `PackageCheck()` was deprecated in SeuratObject 5.0.0.
ℹ Please use `rlang::check_installed()` instead.
ℹ The deprecated feature was likely used in the Seurat package.
  Please report the issue at <https://github.com/satijalab/seurat/issues>. 
3: `aes_string()` was deprecated in ggplot2 3.0.0.
ℹ Please use tidy evaluation idioms with `aes()`.
ℹ See also `vignette("ggplot2-in-packages")` for more information.
ℹ The deprecated feature was likely used in the Seurat package.
  Please report the issue at <https://github.com/satijalab/seurat/issues>. 
null device 
          1 
An object of class Seurat 
25129 features across 154343 samples within 1 assay 
Active assay: RNA (25129 features, 0 variable features)
 2 layers present: counts, data
An object of class Seurat 
25129 features across 156572 samples within 1 assay 
Active assay: RNA (25129 features, 0 variable features)
 2 layers present: counts, data
An object of class Seurat 
24386 features across 154343 samples within 1 assay 
Active assay: RNA (24386 features, 0 variable features)
 1 layer present: counts
Warning: Default search for "data" layer in "RNA" assay yielded no results; utilizing "counts" layer instead.
Rasterizing points since number of points exceeds 100,000.
To disable this behavior set `raster=FALSE`
Rasterizing points since number of points exceeds 100,000.
To disable this behavior set `raster=FALSE`
Rasterizing points since number of points exceeds 100,000.
To disable this behavior set `raster=FALSE`
null device 
          1 
Cells before: 156572 
Cells after: 154343 
Features before: 25129 
Cells after: 24386 
