Loading required package: SeuratObject
Loading required package: sp

Attaching package: ‘SeuratObject’

The following objects are masked from ‘package:base’:

    intersect, t


Attaching package: ‘dplyr’

The following objects are masked from ‘package:stats’:

    filter, lag

The following objects are masked from ‘package:base’:

    intersect, setdiff, setequal, union

>>> Parallelization active. Starting Marker Discovery...
>>> Identifying markers for 27 clusters.
Calculating cluster 0
For a (much!) faster implementation of the Wilcoxon Rank Sum Test,
(default method for FindMarkers) please install the presto package
--------------------------------------------
install.packages('devtools')
devtools::install_github('immunogenomics/presto')
--------------------------------------------
After installation of presto, Seurat will automatically use the more 
efficient implementation (no further action necessary).
This message will be shown once per session
Warning: Caught FutureInterruptError. Canceling all iterations ...
Calculating cluster 1
Warning: Caught FutureInterruptError. Canceling all iterations ...
Calculating cluster 2
slurmstepd: error: *** JOB 59229449 ON nc30553 CANCELLED AT 2026-04-11T19:13:18 ***
slurmstepd: error: Detected 35 oom_kill events in StepId=59229449.batch. Some of the step tasks have been OOM Killed.
