Loading required package: SeuratObject
Loading required package: sp

Attaching package: ‘SeuratObject’

The following objects are masked from ‘package:base’:

    intersect, t


Attaching package: ‘dplyr’

The following objects are masked from ‘package:stats’:

    filter, lag

The following objects are masked from ‘package:base’:

    intersect, setdiff, setequal, union

>>> Parallelization active. Starting Marker Discovery...
>>> Identifying markers for 27 clusters.
Calculating cluster 0
For a (much!) faster implementation of the Wilcoxon Rank Sum Test,
(default method for FindMarkers) please install the presto package
--------------------------------------------
install.packages('devtools')
devtools::install_github('immunogenomics/presto')
--------------------------------------------
After installation of presto, Seurat will automatically use the more 
efficient implementation (no further action necessary).
This message will be shown once per session
Calculating cluster 1
Calculating cluster 2
Calculating cluster 3
Calculating cluster 4
Calculating cluster 5
Calculating cluster 6
Calculating cluster 7
Calculating cluster 8
Calculating cluster 9
Calculating cluster 10
Calculating cluster 11
Calculating cluster 12
Calculating cluster 13
Warning: Caught FutureLaunchError. Canceling all iterations ...
Calculating cluster 14
Calculating cluster 15
Calculating cluster 16
Calculating cluster 17
Calculating cluster 18
slurmstepd: error: *** JOB 59230549 ON nc10523 CANCELLED AT 2026-04-11T22:15:32 DUE TO TIME LIMIT ***
slurmstepd: error: Detected 139 oom_kill events in StepId=59230549.batch. Some of the step tasks have been OOM Killed.
