Loading required package: SummarizedExperiment
Loading required package: MatrixGenerics
Loading required package: matrixStats

Attaching package: ‘MatrixGenerics’

The following objects are masked from ‘package:matrixStats’:

    colAlls, colAnyNAs, colAnys, colAvgsPerRowSet, colCollapse,
    colCounts, colCummaxs, colCummins, colCumprods, colCumsums,
    colDiffs, colIQRDiffs, colIQRs, colLogSumExps, colMadDiffs,
    colMads, colMaxs, colMeans2, colMedians, colMins, colOrderStats,
    colProds, colQuantiles, colRanges, colRanks, colSdDiffs, colSds,
    colSums2, colTabulates, colVarDiffs, colVars, colWeightedMads,
    colWeightedMeans, colWeightedMedians, colWeightedSds,
    colWeightedVars, rowAlls, rowAnyNAs, rowAnys, rowAvgsPerColSet,
    rowCollapse, rowCounts, rowCummaxs, rowCummins, rowCumprods,
    rowCumsums, rowDiffs, rowIQRDiffs, rowIQRs, rowLogSumExps,
    rowMadDiffs, rowMads, rowMaxs, rowMeans2, rowMedians, rowMins,
    rowOrderStats, rowProds, rowQuantiles, rowRanges, rowRanks,
    rowSdDiffs, rowSds, rowSums2, rowTabulates, rowVarDiffs, rowVars,
    rowWeightedMads, rowWeightedMeans, rowWeightedMedians,
    rowWeightedSds, rowWeightedVars

Loading required package: GenomicRanges
Loading required package: stats4
Loading required package: BiocGenerics
Loading required package: generics

Attaching package: ‘generics’

The following objects are masked from ‘package:base’:

    as.difftime, as.factor, as.ordered, intersect, is.element, setdiff,
    setequal, union


Attaching package: ‘BiocGenerics’

The following objects are masked from ‘package:stats’:

    IQR, mad, sd, var, xtabs

The following objects are masked from ‘package:base’:

    anyDuplicated, aperm, append, as.data.frame, basename, cbind,
    colnames, dirname, do.call, duplicated, eval, evalq, Filter, Find,
    get, grep, grepl, is.unsorted, lapply, Map, mapply, match, mget,
    order, paste, pmax, pmax.int, pmin, pmin.int, Position, rank,
    rbind, Reduce, rownames, sapply, saveRDS, table, tapply, unique,
    unsplit, which.max, which.min

Loading required package: S4Vectors

Attaching package: ‘S4Vectors’

The following object is masked from ‘package:utils’:

    findMatches

The following objects are masked from ‘package:base’:

    expand.grid, I, unname

Loading required package: IRanges
Loading required package: GenomeInfoDb
Loading required package: Biobase
Welcome to Bioconductor

    Vignettes contain introductory material; view with
    'browseVignettes()'. To cite Bioconductor, see
    'citation("Biobase")', and for packages 'citation("pkgname")'.


Attaching package: ‘Biobase’

The following object is masked from ‘package:MatrixGenerics’:

    rowMedians

The following objects are masked from ‘package:matrixStats’:

    anyMissing, rowMedians


Attaching package: ‘celldex’

The following objects are masked from ‘package:SingleR’:

    BlueprintEncodeData, DatabaseImmuneCellExpressionData,
    HumanPrimaryCellAtlasData, ImmGenData, MonacoImmuneData,
    MouseRNAseqData, NovershternHematopoieticData

Loading required package: SeuratObject
Loading required package: sp

Attaching package: ‘sp’

The following object is masked from ‘package:IRanges’:

    %over%


Attaching package: ‘SeuratObject’

The following object is masked from ‘package:SummarizedExperiment’:

    Assays

The following object is masked from ‘package:GenomicRanges’:

    intersect

The following object is masked from ‘package:GenomeInfoDb’:

    intersect

The following object is masked from ‘package:IRanges’:

    intersect

The following object is masked from ‘package:S4Vectors’:

    intersect

The following object is masked from ‘package:BiocGenerics’:

    intersect

The following objects are masked from ‘package:base’:

    intersect, t


Attaching package: ‘Seurat’

The following object is masked from ‘package:SummarizedExperiment’:

    Assays

Found more than one class "package_version" in cache; using the first, from namespace 'alabaster.base'
Also defined by ‘SeuratObject’
Found more than one class "package_version" in cache; using the first, from namespace 'alabaster.base'
Also defined by ‘SeuratObject’
Found more than one class "package_version" in cache; using the first, from namespace 'alabaster.base'
Also defined by ‘SeuratObject’
Found more than one class "package_version" in cache; using the first, from namespace 'alabaster.base'
Also defined by ‘SeuratObject’
Found more than one class "package_version" in cache; using the first, from namespace 'alabaster.base'
Also defined by ‘SeuratObject’
Found more than one class "package_version" in cache; using the first, from namespace 'alabaster.base'
Also defined by ‘SeuratObject’
Found more than one class "package_version" in cache; using the first, from namespace 'alabaster.base'
Also defined by ‘SeuratObject’
Found more than one class "package_version" in cache; using the first, from namespace 'alabaster.base'
Also defined by ‘SeuratObject’
Found more than one class "package_version" in cache; using the first, from namespace 'alabaster.base'
Also defined by ‘SeuratObject’
Found more than one class "package_version" in cache; using the first, from namespace 'alabaster.base'
Also defined by ‘SeuratObject’
Found more than one class "package_version" in cache; using the first, from namespace 'alabaster.base'
Also defined by ‘SeuratObject’
Found more than one class "package_version" in cache; using the first, from namespace 'alabaster.base'
Also defined by ‘SeuratObject’
Found more than one class "package_version" in cache; using the first, from namespace 'alabaster.base'
Also defined by ‘SeuratObject’
Found more than one class "package_version" in cache; using the first, from namespace 'alabaster.base'
Also defined by ‘SeuratObject’
Found more than one class "package_version" in cache; using the first, from namespace 'alabaster.base'
Also defined by ‘SeuratObject’
Found more than one class "package_version" in cache; using the first, from namespace 'alabaster.base'
Also defined by ‘SeuratObject’
Found more than one class "package_version" in cache; using the first, from namespace 'alabaster.base'
Also defined by ‘SeuratObject’
Found more than one class "package_version" in cache; using the first, from namespace 'alabaster.base'
Also defined by ‘SeuratObject’
Found more than one class "package_version" in cache; using the first, from namespace 'alabaster.base'
Also defined by ‘SeuratObject’
Warning messages:
1: `PackageCheck()` was deprecated in SeuratObject 5.0.0.
ℹ Please use `rlang::check_installed()` instead.
ℹ The deprecated feature was likely used in the Seurat package.
  Please report the issue at <https://github.com/satijalab/seurat/issues>. 
2: The `slot` argument of `GetAssayData()` is deprecated as of SeuratObject 5.0.0.
ℹ Please use the `layer` argument instead.
ℹ The deprecated feature was likely used in the Seurat package.
  Please report the issue at <https://github.com/satijalab/seurat/issues>. 
3: Layer ‘data’ is empty 
4: Layer ‘scale.data’ is empty 
Found more than one class "package_version" in cache; using the first, from namespace 'alabaster.base'
Also defined by ‘SeuratObject’
Found more than one class "package_version" in cache; using the first, from namespace 'alabaster.base'
Also defined by ‘SeuratObject’
Rasterizing points since number of points exceeds 100,000.
To disable this behavior set `raster=FALSE`
Error in ggtitle("Automated Annotation (SingleR)") : 
  could not find function "ggtitle"
In addition: Warning message:
`aes_string()` was deprecated in ggplot2 3.0.0.
ℹ Please use tidy evaluation idioms with `aes()`.
ℹ See also `vignette("ggplot2-in-packages")` for more information.
ℹ The deprecated feature was likely used in the Seurat package.
  Please report the issue at <https://github.com/satijalab/seurat/issues>. 
Execution halted
