
Attaching package: ‘dplyr’

The following objects are masked from ‘package:stats’:

    filter, lag

The following objects are masked from ‘package:base’:

    intersect, setdiff, setequal, union

Loading required package: SeuratObject
Loading required package: sp

Attaching package: ‘SeuratObject’

The following objects are masked from ‘package:base’:

    intersect, t

An object of class Seurat 
24386 features across 154343 samples within 1 assay 
Active assay: RNA (24386 features, 0 variable features)
 1 layer present: counts
Running SCTransform on assay: RNA
vst.flavor='v2' set. Using model with fixed slope and excluding poisson genes.
`vst.flavor` is set to 'v2' but could not find glmGamPoi installed.
Please install the glmGamPoi package for much faster estimation.
--------------------------------------------
install.packages('BiocManager')
BiocManager::install('glmGamPoi')
--------------------------------------------
Falling back to native (slower) implementation.

Calculating cell attributes from input UMI matrix: log_umi
Variance stabilizing transformation of count matrix of size 24386 by 154343
Model formula is y ~ log_umi
Get Negative Binomial regression parameters per gene
Using 2000 genes, 5000 cells
/localscratch/spool/slurmd/job59000482/slurm_script: line 13: 443791 Killed                  Rscript 2.cluster_annotation_plot.R
slurmstepd: error: Detected 1 oom_kill event in StepId=59000482.batch. Some of the step tasks have been OOM Killed.
