
Attaching package: ‘dplyr’

The following objects are masked from ‘package:stats’:

    filter, lag

The following objects are masked from ‘package:base’:

    intersect, setdiff, setequal, union

Loading required package: SeuratObject
Loading required package: sp

Attaching package: ‘SeuratObject’

The following objects are masked from ‘package:base’:

    intersect, t

PC_ 1 
Positive:  Cd74, Apoe, H2-Aa, H2-Ab1, H2-Eb1, C1qa, Lyz2, Il1b, Ccl4, C1qb 
	   C1qc, Ctss, Cst3, S100a9, S100a8, Tyrobp, Ccl3, Fcer1g, Cxcl2, Ms4a7 
	   Cd52, Cd14, Srgn, Cx3cr1, B2m, Aif1, Ccl2, Ccl12, Cyba, Fth1 
Negative:  S100a5, Calm1, Stoml3, Gng13, Omp, Gnal, Chga, Fstl5, Nsg1, Pcp4l1 
	   Atf5, Gfy, Tuba1a, Nqo1, Map1b, Ckb, Gnb1, Olfm1, Sult1d1, Cyp2a5 
	   Stom, Cartpt, Tshz2, Rtn1, Dcdc2a, Calm2, Prxl2b, 1700012B09Rik, Serpine2, Plekhb1 
PC_ 2 
Positive:  Cd74, Apoe, H2-Aa, H2-Ab1, H2-Eb1, S100a5, C1qa, C1qb, Ccl4, C1qc 
	   Ctss, Calm1, Cst3, Stoml3, Ms4a7, Gng13, Omp, Igkc, Ccl3, Gnal 
	   Cx3cr1, Aif1, Chga, Ccl12, Pf4, Ckb, Ccl2, Fstl5, Nsg1, Atf5 
Negative:  S100a9, S100a8, Lcn2, Ngp, Camp, Wfdc21, Ltf, Retnlg, Chil3, G0s2 
	   Lyz2, Il1b, Pglyrp1, Ifitm6, Slpi, Mmp8, Cyp2a5, Hp, S100a6, Mmp9 
	   Anxa1, S100a11, Cxcl2, Wfdc18, Scgb1c1, Cyp2f2, Cyp2g1, Thbs1, Tyrobp, Msrb1 
PC_ 3 
Positive:  S100a5, S100a9, S100a8, Stoml3, Calm1, Gng13, Omp, Ngp, Lcn2, Il1b 
	   Wfdc21, Retnlg, Camp, Gnal, Chga, Fstl5, Nsg1, Gfy, Ckb, Atf5 
	   Pcp4l1, Olfm1, Gnb1, Stom, Cxcl2, Map1b, Tuba1a, Nqo1, Chil3, Rtn1 
Negative:  Cyp2a5, Scgb1c1, Wfdc18, Cyp2g1, Cyp2f2, Vmo1, Rgs5, Cbr2, Reg3g, Sec14l3 
	   Chil6, Agr2, Wfdc2, Cyp1a2, Dcn, Obp1a, Msln, Mgp, Krt18, Sparc 
	   Krt15, Gstm1, Prdx6, Pon1, Obp1b, Ltf, Sult1c1, Tst, Lypd2, Krt8 
PC_ 4 
Positive:  Cyp2a5, Scgb1c1, Cyp2g1, Vmo1, S100a5, Wfdc18, Cd74, Chil6, Cyp2f2, Sec14l3 
	   Cyp1a2, Agr2, Msln, H2-Aa, H2-Ab1, H2-Eb1, Cbr2, Ltf, Sult1c1, Pon1 
	   Reg3g, Krt18, Calm1, Stoml3, Wfdc2, Tst, Gstm5, C1qa, Gng13, Krt8 
Negative:  Sparc, Mgp, Col1a2, Dcn, Apod, Col1a1, Igfbp7, Acta2, Col3a1, Tagln 
	   Igfbp4, Tpm2, Myl9, Sparcl1, Lum, Bgn, Gsn, Inmt, Aqp1, Plpp3 
	   Serpinf1, Serping1, Cald1, S100a6, Id3, Gpx3, Timp3, Ogn, Mylk, Vim 
PC_ 5 
Positive:  Scgb1c1, Vmo1, Rgs5, Cyp2g1, Apoe, S100a5, Cyp2a5, Chil6, Cyp1a2, Sparc 
	   Mgp, Col1a2, C1qa, Col1a1, Dcn, C1qb, Apod, Agr2, Msln, Sec14l3 
	   Acta2, Col3a1, S100a9, S100a8, C1qc, Tagln, Gstm5, Il1b, Sult1c1, Calm1 
Negative:  Reg3g, Krt15, Ly6d, Igkc, Cyp2f2, Ltf, Gsto1, Cbr2, Obp1a, Wfdc2 
	   Ccl5, Adh7, Obp1b, Ly6a, F3, Pglyrp1, Aldh3a1, Fxyd3, Krt19, Wfdc18 
	   Ifi27l2a, Sfn, Cd79a, Gsta4, S100a6, Bpifb9b, AW112010, Lgals3, Isg15, Bpifb9a 
Warning: Number of dimensions changing from 50 to 40
Warning message:
The `slot` argument of `GetAssayData()` is deprecated as of SeuratObject 5.0.0.
ℹ Please use the `layer` argument instead.
ℹ The deprecated feature was likely used in the Seurat package.
  Please report the issue at <https://github.com/satijalab/seurat/issues>. 
Computing nearest neighbor graph
Computing SNN
Error in getGlobalsAndPackages(expr, envir = envir, globals = globals) : 
  The total size of the 14 globals exported for future expression (‘FUN()’) is 14.20 GiB. This exceeds the maximum allowed size 500.00 MiB per plan() argument 'maxSizeOfObjects'. This limit is set to protect against transfering too large objects to parallel workers by mistake, which may not be intended and could be costly. See help("future.globals.maxSize", package = "future") for how to adjust or remove the default threshold via an R option The three largest globals are ‘FUN’ (14.08 GiB of class ‘function’), ‘object’ (123.97 MiB of class ‘S4’) and ‘GroupSingletons’ (13.13 KiB of class ‘function’)
Calls: FindClusters ... getGlobalsAndPackagesXApply -> getGlobalsAndPackages
Execution halted
